2026-06-02 00:02:30.211953 - mail_0085.txt -> access_request
2026-06-02 00:02:30.212434 - mail_0052.txt -> hardware_issue
2026-06-02 00:02:30.212824 - mail_0046.txt -> software_issue
2026-06-02 00:02:30.214118 - mail_0047.txt -> access_request
2026-06-02 00:02:30.214603 - mail_0053.txt -> meeting
2026-06-02 00:02:30.214931 - mail_0084.txt -> hardware_issue
2026-06-02 00:02:30.215317 - mail_0090.txt -> monitoring
2026-06-02 00:02:30.215533 - mail_0106 -> unclassified
2026-06-02 00:02:30.215935 - mail_0086.txt -> spam
2026-06-02 00:02:30.216259 - mail_0092.txt -> meeting
2026-06-02 00:02:30.216583 - mail_0079.txt -> access_request
2026-06-02 00:02:30.216808 - mail_0045.txt -> software_issue
2026-06-02 00:02:30.217111 - mail_0051.txt -> critical_incident
2026-06-02 00:02:30.217348 - mail_0050.txt -> meeting
2026-06-02 00:02:30.217584 - mail_0044.txt -> access_request
2026-06-02 00:02:30.218115 - mail_0078.txt -> hr_request
2026-06-02 00:02:30.218342 - mail_0093.txt -> spam
2026-06-02 00:02:30.218642 - mail_0087.txt -> spam
2026-06-02 00:02:30.218875 - mail_0108.txt -> hr_request
2026-06-02 00:02:30.219052 - mail_0083.txt -> meeting
2026-06-02 00:02:30.219132 - .DS_Store -> unclassified
2026-06-02 00:02:30.219471 - mail_0097.txt -> hardware_issue
2026-06-02 00:02:30.219908 - mail_0040.txt -> meeting
2026-06-02 00:02:30.220275 - mail_0054.txt -> billing_docs
2026-06-02 00:02:30.220633 - mail_0068.txt -> access_request
2026-06-02 00:02:30.220970 - mail_0069.txt -> monitoring
2026-06-02 00:02:30.221948 - mail_0055.txt -> critical_incident
2026-06-02 00:02:30.222299 - mail_0041.txt -> spam
2026-06-02 00:02:30.222649 - mail_0096.txt -> access_request
2026-06-02 00:02:30.222990 - mail_0082.txt -> software_issue
2026-06-02 00:02:30.223372 - mail_0094.txt -> critical_incident
2026-06-02 00:02:30.223680 - mail_0080.txt -> monitoring
2026-06-02 00:02:30.223944 - mail_0057.txt -> access_request
2026-06-02 00:02:30.224216 - mail_0043.txt -> hardware_issue
2026-06-02 00:02:30.224523 - mail_0042.txt -> critical_incident
2026-06-02 00:02:30.224751 - mail_0056.txt -> billing_docs
2026-06-02 00:02:30.225131 - mail_0081.txt -> billing_docs
2026-06-02 00:02:30.225540 - mail_0095.txt -> access_request
2026-06-02 00:02:30.225640 - mail_0105.json -> unclassified
2026-06-02 00:02:30.225865 - mail_0019.txt -> meeting
2026-06-02 00:02:30.226211 - mail_0031.txt -> software_issue
2026-06-02 00:02:30.226530 - mail_0025.txt -> hr_request
2026-06-02 00:02:30.226849 - mail_0024.txt -> access_request
2026-06-02 00:02:30.227862 - mail_0030.txt -> access_request
2026-06-02 00:02:30.228065 - mail_0018.txt -> hardware_issue
2026-06-02 00:02:30.228226 - mail_0026.txt -> unclassified
2026-06-02 00:02:30.228510 - mail_0032.txt -> billing_docs
2026-06-02 00:02:30.228769 - mail_0033.txt -> unclassified
2026-06-02 00:02:30.229652 - mail_0027.txt -> software_issue
2026-06-02 00:02:30.229937 - mail_0023.txt -> critical_incident
2026-06-02 00:02:30.230159 - mail_0037.txt -> billing_docs
2026-06-02 00:02:30.230434 - mail_0036.txt -> monitoring
2026-06-02 00:02:30.230681 - mail_0022.txt -> billing_docs
2026-06-02 00:02:30.232162 - mail_0109.jpeg -> unclassified
2026-06-02 00:02:30.234196 - mail_0034.txt -> billing_docs
2026-06-02 00:02:30.234394 - mail_0020.txt -> software_issue
2026-06-02 00:02:30.234582 - mail_0008.txt -> monitoring
2026-06-02 00:02:30.234776 - mail_0009.txt -> critical_incident
2026-06-02 00:02:30.235115 - mail_0021.txt -> hardware_issue
2026-06-02 00:02:30.235329 - mail_0035.txt -> meeting
2026-06-02 00:02:30.235546 - mail_0038.txt -> software_issue
2026-06-02 00:02:30.235712 - mail_0010.txt -> software_issue
2026-06-02 00:02:30.235940 - mail_0004.txt -> critical_incident
2026-06-02 00:02:30.236110 - mail_0005.txt -> hr_request
2026-06-02 00:02:30.236317 - mail_0011.txt -> hr_request
2026-06-02 00:02:30.236635 - mail_0039.txt -> spam
2026-06-02 00:02:30.236837 - mail_0007.txt -> critical_incident
2026-06-02 00:02:30.237019 - mail_0013.txt -> billing_docs
2026-06-02 00:02:30.237208 - mail_0012.txt -> critical_incident
2026-06-02 00:02:30.237380 - mail_0006.txt -> billing_docs
2026-06-02 00:02:30.237604 - mail_0002.txt -> critical_incident
2026-06-02 00:02:30.237800 - mail_0016.txt -> software_issue
2026-06-02 00:02:30.238001 - mail_0017.txt -> billing_docs
2026-06-02 00:02:30.238207 - mail_0003.txt -> monitoring
2026-06-02 00:02:30.238392 - mail_0015.txt -> hr_request
2026-06-02 00:02:30.238561 - mail_0001.txt -> software_issue
2026-06-02 00:02:30.238853 - mail_0029.txt -> meeting
2026-06-02 00:02:30.239115 - mail_0028.txt -> software_issue
2026-06-02 00:02:30.239347 - mail_0014.txt -> hardware_issue
2026-06-02 00:02:30.239561 - mail_0107.txt -> unclassified
2026-06-02 00:02:30.239880 - mail_0098.txt -> hardware_issue
2026-06-02 00:02:30.240124 - mail_0073.txt -> critical_incident
2026-06-02 00:02:30.240454 - mail_0067.txt -> monitoring
2026-06-02 00:02:30.240785 - mail_0066.txt -> meeting
2026-06-02 00:02:30.241017 - mail_0072.txt -> access_request
2026-06-02 00:02:30.241283 - mail_0099.txt -> access_request
2026-06-02 00:02:30.241373 - mail_0104.bin -> unclassified
2026-06-02 00:02:30.241638 - mail_0058.txt -> software_issue
2026-06-02 00:02:30.242013 - mail_0064.txt -> spam
2026-06-02 00:02:30.242904 - mail_0070.txt -> software_issue
2026-06-02 00:02:30.243244 - mail_0071.txt -> spam
2026-06-02 00:02:30.243577 - mail_0065.txt -> software_issue
2026-06-02 00:02:30.243812 - mail_0059.txt -> meeting
2026-06-02 00:02:30.244125 - mail_0101.txt -> critical_incident
2026-06-02 00:02:30.244370 - mail_0061.txt -> access_request
2026-06-02 00:02:30.244700 - mail_0075.txt -> hr_request
2026-06-02 00:02:30.245031 - mail_0049.txt -> critical_incident
2026-06-02 00:02:30.245370 - mail_0048.txt -> billing_docs
2026-06-02 00:02:30.246514 - mail_0074.txt -> unclassified
2026-06-02 00:02:30.246753 - mail_0060.txt -> hr_request
2026-06-02 00:02:30.247012 - mail_0100.txt -> critical_incident
2026-06-02 00:02:30.247317 - mail_0102.txt -> monitoring
2026-06-02 00:02:30.247598 - mail_0089.txt -> hr_request
2026-06-02 00:02:30.247958 - mail_0076.txt -> access_request
2026-06-02 00:02:30.248226 - mail_0062.txt -> critical_incident
2026-06-02 00:02:30.248480 - mail_0063.txt -> access_request
2026-06-02 00:02:30.248790 - mail_0077.txt -> hr_request
2026-06-02 00:02:30.249828 - mail_0088.txt -> critical_incident
2026-06-02 00:02:30.249960 - mail_0103.txt -> unclassified
